Start testing: Oct 20 13:31 UTC
----------------------------------------------------------
1/3 Testing: test_file_chunker
1/3 Test: test_file_chunker
Command: "/workspace/DMS/data_plane/build/test_file_chunker"
Directory: /workspace/DMS/data_plane/build
"test_file_chunker" start time: Oct 20 13:31 UTC
Output:
----------------------------------------------------------
<end of output>
Test time =   0.01 sec
----------------------------------------------------------
Test Passed.
"test_file_chunker" end time: Oct 20 13:31 UTC
"test_file_chunker" time elapsed: 00:00:00
----------------------------------------------------------

2/3 Testing: test_transfer_manager
2/3 Test: test_transfer_manager
Command: "/workspace/DMS/data_plane/build/test_transfer_manager"
Directory: /workspace/DMS/data_plane/build
"test_transfer_manager" start time: Oct 20 13:31 UTC
Output:
----------------------------------------------------------
<end of output>
Test time =   0.00 sec
----------------------------------------------------------
Test Passed.
"test_transfer_manager" end time: Oct 20 13:31 UTC
"test_transfer_manager" time elapsed: 00:00:00
----------------------------------------------------------

3/3 Testing: test_checksum
3/3 Test: test_checksum
Command: "/workspace/DMS/data_plane/build/test_checksum"
Directory: /workspace/DMS/data_plane/build
"test_checksum" start time: Oct 20 13:31 UTC
Output:
----------------------------------------------------------
<end of output>
Test time =   0.00 sec
----------------------------------------------------------
Test Passed.
"test_checksum" end time: Oct 20 13:31 UTC
"test_checksum" time elapsed: 00:00:00
----------------------------------------------------------

End testing: Oct 20 13:31 UTC
